00:10:48 **** Incremental Build of configuration Debug for project kerner ****
make -j16 all 
arm-none-eabi-gcc -o "kerner.elf" @"objects.list"   -mcpu=cortex-m4 -T"C:\Uni\MAM\stm32cube_projects\kerner\STM32F401RETX_FLASH.ld" --specs=nosys.specs -Wl,-Map="kerner.map" -Wl,--gc-sections -static --specs=nano.specs -mfpu=fpv4-sp-d16 -mfloat-abi=hard -mthumb -Wl,--start-group -lc -lm -Wl,--end-group
c:\st\stm32cubeide_1.11.0\stm32cubeide\plugins\com.st.stm32cube.ide.mcu.externaltools.gnu-tools-for-stm32.10.3-2021.10.win32_1.0.100.202210260954\tools\arm-none-eabi\bin\ld.exe: ./Core/Startup/startup_stm32f401retx.o: in function `LoopFillZerobss':
C:/Uni/MAM/stm32cube_projects/kerner/Debug/../Core/Startup/startup_stm32f401retx.s:99: undefined reference to `main'
collect2.exe: error: ld returned 1 exit status
make: *** [makefile:64: kerner.elf] Error 1
"make -j16 all" terminated with exit code 2. Build might be incomplete.

00:10:49 Build Failed. 3 errors, 0 warnings. (took 280ms)

